<?xml version="1.0" encoding="UTF-8"?>
<testsuite xmlns:xsi="http://www.w3.org/2001/XMLSchema-instance" xsi:noNamespaceSchemaLocation="https://maven.apache.org/surefire/maven-surefire-plugin/xsd/surefire-test-report-3.0.xsd" version="3.0" name="de.odisys.talend.components.source.OdiSysInputMapperTest" time="2.967" tests="1" errors="0" skipped="0" failures="0">
  <properties>
    <property name="gopherProxySet" value="false"/>
    <property name="awt.toolkit" value="sun.lwawt.macosx.LWCToolkit"/>
    <property name="file.encoding.pkg" value="sun.io"/>
    <property name="java.specification.version" value="1.8"/>
    <property name="sun.cpu.isalist" value=""/>
    <property name="sun.jnu.encoding" value="UTF-8"/>
    <property name="java.class.path" value="/Users/neidig/Documents/Talend Component Kit/talend_jira_component/target/test-classes:/Users/neidig/Documents/Talend Component Kit/talend_jira_component/target/classes:/Users/neidig/.m2/repository/org/talend/sdk/component/component-api/1.1.15/component-api-1.1.15.jar:/Users/neidig/.m2/repository/org/apache/geronimo/specs/geronimo-annotation_1.3_spec/1.2/geronimo-annotation_1.3_spec-1.2.jar:/Users/neidig/.m2/repository/org/apache/geronimo/specs/geronimo-json_1.1_spec/1.3/geronimo-json_1.1_spec-1.3.jar:/Users/neidig/.m2/repository/org/apache/geronimo/specs/geronimo-jsonb_1.0_spec/1.2/geronimo-jsonb_1.0_spec-1.2.jar:/Users/neidig/.m2/repository/junit/junit/4.12/junit-4.12.jar:/Users/neidig/.m2/repository/org/hamcrest/hamcrest-core/1.3/hamcrest-core-1.3.jar:/Users/neidig/.m2/repository/org/talend/sdk/component/component-runtime-junit/1.1.15/component-runtime-junit-1.1.15.jar:/Users/neidig/.m2/repository/org/talend/sdk/component/component-runtime-junit-base/1.1.15/component-runtime-junit-base-1.1.15.jar:/Users/neidig/.m2/repository/org/talend/sdk/component/component-runtime-manager/1.1.15/component-runtime-manager-1.1.15.jar:/Users/neidig/.m2/repository/org/talend/sdk/component/component-spi/1.1.15/component-spi-1.1.15.jar:/Users/neidig/.m2/repository/org/talend/sdk/component/component-runtime-impl/1.1.15/component-runtime-impl-1.1.15.jar:/Users/neidig/.m2/repository/org/apache/johnzon/johnzon-jsonb/1.2.1/johnzon-jsonb-1.2.1.jar:/Users/neidig/.m2/repository/org/apache/johnzon/johnzon-mapper/1.2.1/johnzon-mapper-1.2.1.jar:/Users/neidig/.m2/repository/org/talend/sdk/component/container-core/1.1.15/container-core-1.1.15.jar:/Users/neidig/.m2/repository/org/apache/xbean/xbean-finder-shaded/4.15/xbean-finder-shaded-4.15.jar:/Users/neidig/.m2/repository/org/apache/xbean/xbean-reflect/4.15/xbean-reflect-4.15.jar:/Users/neidig/.m2/repository/org/apache/xbean/xbean-asm7-shaded/4.15/xbean-asm7-shaded-4.15.jar:/Users/neidig/.m2/repository/org/apache/johnzon/johnzon-core/1.2.1/johnzon-core-1.2.1.jar:/Users/neidig/.m2/repository/org/apache/tomee/ziplock/8.0.0-M3/ziplock-8.0.0-M3.jar:/Users/neidig/.m2/repository/com/mashape/unirest/unirest-java/1.4.9/unirest-java-1.4.9.jar:/Users/neidig/.m2/repository/org/apache/httpcomponents/httpclient/4.5.2/httpclient-4.5.2.jar:/Users/neidig/.m2/repository/org/apache/httpcomponents/httpcore/4.4.4/httpcore-4.4.4.jar:/Users/neidig/.m2/repository/commons-logging/commons-logging/1.2/commons-logging-1.2.jar:/Users/neidig/.m2/repository/commons-codec/commons-codec/1.9/commons-codec-1.9.jar:/Users/neidig/.m2/repository/org/apache/httpcomponents/httpasyncclient/4.1.1/httpasyncclient-4.1.1.jar:/Users/neidig/.m2/repository/org/apache/httpcomponents/httpcore-nio/4.4.4/httpcore-nio-4.4.4.jar:/Users/neidig/.m2/repository/org/apache/httpcomponents/httpmime/4.5.2/httpmime-4.5.2.jar:/Users/neidig/.m2/repository/org/json/json/20160212/json-20160212.jar:/Users/neidig/.m2/repository/org/slf4j/slf4j-api/1.7.5/slf4j-api-1.7.5.jar:/Users/neidig/.m2/repository/org/slf4j/slf4j-log4j12/1.7.5/slf4j-log4j12-1.7.5.jar:/Users/neidig/.m2/repository/log4j/log4j/1.2.17/log4j-1.2.17.jar:/Users/neidig/.m2/repository/com/jayway/jsonpath/json-path/2.4.0/json-path-2.4.0.jar:/Users/neidig/.m2/repository/net/minidev/json-smart/2.3/json-smart-2.3.jar:/Users/neidig/.m2/repository/net/minidev/accessors-smart/1.2/accessors-smart-1.2.jar:/Users/neidig/.m2/repository/org/ow2/asm/asm/5.0.4/asm-5.0.4.jar:"/>
    <property name="java.vm.vendor" value="Oracle Corporation"/>
    <property name="sun.arch.data.model" value="64"/>
    <property name="java.vendor.url" value="http://java.oracle.com/"/>
    <property name="user.timezone" value=""/>
    <property name="java.vm.specification.version" value="1.8"/>
    <property name="os.name" value="Mac OS X"/>
    <property name="user.country" value="DE"/>
    <property name="sun.java.launcher" value="SUN_STANDARD"/>
    <property name="sun.boot.library.path" value="/Library/Java/JavaVirtualMachines/jdk1.8.0_201.jdk/Contents/Home/jre/lib"/>
    <property name="sun.java.command" value="/Users/neidig/Documents/Talend Component Kit/talend_jira_component/target/surefire/surefirebooter3881225479868495463.jar /Users/neidig/Documents/Talend Component Kit/talend_jira_component/target/surefire 2019-11-27T09-01-46_696-jvmRun1 surefire5267249803060213917tmp surefire_03535732421098150826tmp"/>
    <property name="http.nonProxyHosts" value="local|*.local|169.254/16|*.169.254/16"/>
    <property name="surefire.test.class.path" value="/Users/neidig/Documents/Talend Component Kit/talend_jira_component/target/test-classes:/Users/neidig/Documents/Talend Component Kit/talend_jira_component/target/classes:/Users/neidig/.m2/repository/org/talend/sdk/component/component-api/1.1.15/component-api-1.1.15.jar:/Users/neidig/.m2/repository/org/apache/geronimo/specs/geronimo-annotation_1.3_spec/1.2/geronimo-annotation_1.3_spec-1.2.jar:/Users/neidig/.m2/repository/org/apache/geronimo/specs/geronimo-json_1.1_spec/1.3/geronimo-json_1.1_spec-1.3.jar:/Users/neidig/.m2/repository/org/apache/geronimo/specs/geronimo-jsonb_1.0_spec/1.2/geronimo-jsonb_1.0_spec-1.2.jar:/Users/neidig/.m2/repository/junit/junit/4.12/junit-4.12.jar:/Users/neidig/.m2/repository/org/hamcrest/hamcrest-core/1.3/hamcrest-core-1.3.jar:/Users/neidig/.m2/repository/org/talend/sdk/component/component-runtime-junit/1.1.15/component-runtime-junit-1.1.15.jar:/Users/neidig/.m2/repository/org/talend/sdk/component/component-runtime-junit-base/1.1.15/component-runtime-junit-base-1.1.15.jar:/Users/neidig/.m2/repository/org/talend/sdk/component/component-runtime-manager/1.1.15/component-runtime-manager-1.1.15.jar:/Users/neidig/.m2/repository/org/talend/sdk/component/component-spi/1.1.15/component-spi-1.1.15.jar:/Users/neidig/.m2/repository/org/talend/sdk/component/component-runtime-impl/1.1.15/component-runtime-impl-1.1.15.jar:/Users/neidig/.m2/repository/org/apache/johnzon/johnzon-jsonb/1.2.1/johnzon-jsonb-1.2.1.jar:/Users/neidig/.m2/repository/org/apache/johnzon/johnzon-mapper/1.2.1/johnzon-mapper-1.2.1.jar:/Users/neidig/.m2/repository/org/talend/sdk/component/container-core/1.1.15/container-core-1.1.15.jar:/Users/neidig/.m2/repository/org/apache/xbean/xbean-finder-shaded/4.15/xbean-finder-shaded-4.15.jar:/Users/neidig/.m2/repository/org/apache/xbean/xbean-reflect/4.15/xbean-reflect-4.15.jar:/Users/neidig/.m2/repository/org/apache/xbean/xbean-asm7-shaded/4.15/xbean-asm7-shaded-4.15.jar:/Users/neidig/.m2/repository/org/apache/johnzon/johnzon-core/1.2.1/johnzon-core-1.2.1.jar:/Users/neidig/.m2/repository/org/apache/tomee/ziplock/8.0.0-M3/ziplock-8.0.0-M3.jar:/Users/neidig/.m2/repository/com/mashape/unirest/unirest-java/1.4.9/unirest-java-1.4.9.jar:/Users/neidig/.m2/repository/org/apache/httpcomponents/httpclient/4.5.2/httpclient-4.5.2.jar:/Users/neidig/.m2/repository/org/apache/httpcomponents/httpcore/4.4.4/httpcore-4.4.4.jar:/Users/neidig/.m2/repository/commons-logging/commons-logging/1.2/commons-logging-1.2.jar:/Users/neidig/.m2/repository/commons-codec/commons-codec/1.9/commons-codec-1.9.jar:/Users/neidig/.m2/repository/org/apache/httpcomponents/httpasyncclient/4.1.1/httpasyncclient-4.1.1.jar:/Users/neidig/.m2/repository/org/apache/httpcomponents/httpcore-nio/4.4.4/httpcore-nio-4.4.4.jar:/Users/neidig/.m2/repository/org/apache/httpcomponents/httpmime/4.5.2/httpmime-4.5.2.jar:/Users/neidig/.m2/repository/org/json/json/20160212/json-20160212.jar:/Users/neidig/.m2/repository/org/slf4j/slf4j-api/1.7.5/slf4j-api-1.7.5.jar:/Users/neidig/.m2/repository/org/slf4j/slf4j-log4j12/1.7.5/slf4j-log4j12-1.7.5.jar:/Users/neidig/.m2/repository/log4j/log4j/1.2.17/log4j-1.2.17.jar:/Users/neidig/.m2/repository/com/jayway/jsonpath/json-path/2.4.0/json-path-2.4.0.jar:/Users/neidig/.m2/repository/net/minidev/json-smart/2.3/json-smart-2.3.jar:/Users/neidig/.m2/repository/net/minidev/accessors-smart/1.2/accessors-smart-1.2.jar:/Users/neidig/.m2/repository/org/ow2/asm/asm/5.0.4/asm-5.0.4.jar:"/>
    <property name="sun.cpu.endian" value="little"/>
    <property name="user.home" value="/Users/neidig"/>
    <property name="user.language" value="de"/>
    <property name="java.specification.vendor" value="Oracle Corporation"/>
    <property name="java.home" value="/Library/Java/JavaVirtualMachines/jdk1.8.0_201.jdk/Contents/Home/jre"/>
    <property name="basedir" value="/Users/neidig/Documents/Talend Component Kit/talend_jira_component"/>
    <property name="file.separator" value="/"/>
    <property name="line.separator" value="&#10;"/>
    <property name="java.vm.specification.vendor" value="Oracle Corporation"/>
    <property name="java.specification.name" value="Java Platform API Specification"/>
    <property name="java.awt.graphicsenv" value="sun.awt.CGraphicsEnvironment"/>
    <property name="surefire.real.class.path" value="/Users/neidig/Documents/Talend Component Kit/talend_jira_component/target/surefire/surefirebooter3881225479868495463.jar"/>
    <property name="sun.boot.class.path" value="/Library/Java/JavaVirtualMachines/jdk1.8.0_201.jdk/Contents/Home/jre/lib/resources.jar:/Library/Java/JavaVirtualMachines/jdk1.8.0_201.jdk/Contents/Home/jre/lib/rt.jar:/Library/Java/JavaVirtualMachines/jdk1.8.0_201.jdk/Contents/Home/jre/lib/sunrsasign.jar:/Library/Java/JavaVirtualMachines/jdk1.8.0_201.jdk/Contents/Home/jre/lib/jsse.jar:/Library/Java/JavaVirtualMachines/jdk1.8.0_201.jdk/Contents/Home/jre/lib/jce.jar:/Library/Java/JavaVirtualMachines/jdk1.8.0_201.jdk/Contents/Home/jre/lib/charsets.jar:/Library/Java/JavaVirtualMachines/jdk1.8.0_201.jdk/Contents/Home/jre/lib/jfr.jar:/Library/Java/JavaVirtualMachines/jdk1.8.0_201.jdk/Contents/Home/jre/classes"/>
    <property name="sun.management.compiler" value="HotSpot 64-Bit Tiered Compilers"/>
    <property name="ftp.nonProxyHosts" value="local|*.local|169.254/16|*.169.254/16"/>
    <property name="java.runtime.version" value="1.8.0_201-b09"/>
    <property name="user.name" value="neidig"/>
    <property name="path.separator" value=":"/>
    <property name="os.version" value="10.13.6"/>
    <property name="java.endorsed.dirs" value="/Library/Java/JavaVirtualMachines/jdk1.8.0_201.jdk/Contents/Home/jre/lib/endorsed"/>
    <property name="java.runtime.name" value="Java(TM) SE Runtime Environment"/>
    <property name="file.encoding" value="UTF-8"/>
    <property name="java.vm.name" value="Java HotSpot(TM) 64-Bit Server VM"/>
    <property name="localRepository" value="/Users/neidig/.m2/repository"/>
    <property name="java.vendor.url.bug" value="http://bugreport.sun.com/bugreport/"/>
    <property name="java.io.tmpdir" value="/var/folders/pd/rtxq5qbj78bcv0w7sthwdxjw0000gn/T/"/>
    <property name="java.version" value="1.8.0_201"/>
    <property name="user.dir" value="/Users/neidig/Documents/Talend Component Kit/talend_jira_component"/>
    <property name="os.arch" value="x86_64"/>
    <property name="java.vm.specification.name" value="Java Virtual Machine Specification"/>
    <property name="java.awt.printerjob" value="sun.lwawt.macosx.CPrinterJob"/>
    <property name="sun.os.patch.level" value="unknown"/>
    <property name="java.library.path" value="/Users/neidig/Library/Java/Extensions:/Library/Java/Extensions:/Network/Library/Java/Extensions:/System/Library/Java/Extensions:/usr/lib/java:."/>
    <property name="java.vm.info" value="mixed mode"/>
    <property name="java.vendor" value="Oracle Corporation"/>
    <property name="java.vm.version" value="25.201-b09"/>
    <property name="java.ext.dirs" value="/Users/neidig/Library/Java/Extensions:/Library/Java/JavaVirtualMachines/jdk1.8.0_201.jdk/Contents/Home/jre/lib/ext:/Library/Java/Extensions:/Network/Library/Java/Extensions:/System/Library/Java/Extensions:/usr/lib/java"/>
    <property name="sun.io.unicode.encoding" value="UnicodeBig"/>
    <property name="java.class.version" value="52.0"/>
    <property name="socksNonProxyHosts" value="local|*.local|169.254/16|*.169.254/16"/>
  </properties>
  <testcase name="produce" classname="de.odisys.talend.components.source.OdiSysInputMapperTest" time="1.867"/>
</testsuite>